<?xml version="1.0" encoding="UTF-8"?>
<!-- Generated by org.testng.reporters.JUnitXMLReporter -->
<testsuite ignored="0" hostname="DESKTOP-KMD85RV" failures="0" tests="3" name="Surefire test" time="19.668" errors="0" timestamp="2022-11-30T18:24:20 IST">
  <testcase classname="chaitanya.seleniumframeworkdesign.SubmitOrderTest" name="submitOrder" time="3.422"/>
  <testcase classname="chaitanya.seleniumframeworkdesign.SubmitOrderTest" name="submitOrder" time="3.447"/>
  <testcase classname="chaitanya.seleniumframeworkdesign.SubmitOrderTest" name="orderHistoryTest" time="0.523"/>
</testsuite> <!-- Surefire test -->
