<?xml version="1.0" encoding="UTF-8"?>
<!-- Generated by org.testng.reporters.JUnitXMLReporter -->
<testsuite ignored="0" hostname="LTIN396103" failures="1" tests="2" name="Error validations test" time="32.364" errors="0" timestamp="2022-11-30T14:01:53 IST">
  <testcase classname="chaitanya.seleniumframeworkdesign.ErrorValidation" name="loginError" time="0.589">
    <failure type="junit.framework.ComparisonFailure" message="expected:&amp;lt;......&amp;gt; but was:&amp;lt;...or...&amp;gt;">
      <![CDATA[junit.framework.ComparisonFailure: expected:<......> but was:<...or...>
at junit.framework.Assert.assertEquals(Assert.java:81)
at junit.framework.Assert.assertEquals(Assert.java:87)
at chaitanya.seleniumframeworkdesign.ErrorValidation.loginError(ErrorValidation.java:33)
at java.base/java.util.ArrayList.forEach(ArrayList.java:1511)
at java.base/java.util.concurrent.FutureTask.run(FutureTask.java:264)
at java.base/java.util.concurrent.ThreadPoolExecutor.runWorker(ThreadPoolExecutor.java:1136)
at java.base/java.util.concurrent.ThreadPoolExecutor$Worker.run(ThreadPoolExecutor.java:635)
at java.base/java.lang.Thread.run(Thread.java:833)
... Removed 17 stack frames]]>
    </failure>
  </testcase> <!-- loginError -->
  <testcase classname="chaitanya.seleniumframeworkdesign.ErrorValidation" name="productError" time="3.691"/>
</testsuite> <!-- Error validations test -->
