<?xml version="1.0" encoding="UTF-8"?>
<!-- Generated by org.testng.reporters.JUnitXMLReporter -->
<testsuite ignored="0" hostname="LTIN396103" failures="0" tests="3" name="Submit order test" time="47.035" errors="0" timestamp="2022-11-30T14:02:07 IST">
  <testcase classname="chaitanya.seleniumframeworkdesign.SubmitOrderTest" name="submitOrder" time="4.565"/>
  <testcase classname="chaitanya.seleniumframeworkdesign.SubmitOrderTest" name="submitOrder" time="4.402"/>
  <testcase classname="chaitanya.seleniumframeworkdesign.SubmitOrderTest" name="orderHistoryTest" time="0.872"/>
</testsuite> <!-- Submit order test -->
