<?xml version="1.0" encoding="UTF-8"?>
<!-- Generated by org.testng.reporters.JUnitXMLReporter -->
<testsuite ignored="0" hostname="LTIN396103" failures="0" tests="2" name="Error validations test" time="18.283" errors="0" timestamp="2022-12-01T18:41:25 IST">
  <testcase classname="chaitanya.seleniumframeworkdesign.ErrorValidation" name="loginError" time="0.31"/>
  <testcase classname="chaitanya.seleniumframeworkdesign.ErrorValidation" name="productError" time="2.685"/>
</testsuite> <!-- Error validations test -->
