<?xml version="1.0" encoding="UTF-8"?>
<!-- Generated by org.testng.reporters.JUnitXMLReporter -->
<testsuite ignored="0" hostname="LTIN396103" failures="0" tests="3" name="Submit order test" time="26.882" errors="0" timestamp="2022-12-01T18:41:33 IST">
  <testcase classname="chaitanya.seleniumframeworkdesign.SubmitOrderTest" name="submitOrder" time="3.449"/>
  <testcase classname="chaitanya.seleniumframeworkdesign.SubmitOrderTest" name="submitOrder" time="3.535"/>
  <testcase classname="chaitanya.seleniumframeworkdesign.SubmitOrderTest" name="orderHistoryTest" time="0.493"/>
</testsuite> <!-- Submit order test -->
