<?xml version="1.0" encoding="UTF-8"?>
<testng-results ignored="0" total="5" passed="5" failed="0" skipped="0">
  <reporter-output>
  </reporter-output>
  <suite started-at="2022-12-01T18:41:07 IST" name="Suite" finished-at="2022-12-01T18:41:33 IST" duration-ms="26882">
    <groups>
      <group name="ErrorHandling">
        <method signature="ErrorValidation.loginError()[pri:0, instance:chaitanya.seleniumframeworkdesign.ErrorValidation@7803bfd]" name="loginError" class="chaitanya.seleniumframeworkdesign.ErrorValidation"/>
      </group> <!-- ErrorHandling -->
      <group name="purchase">
        <method signature="SubmitOrderTest.submitOrder(java.util.HashMap)[pri:0, instance:chaitanya.seleniumframeworkdesign.SubmitOrderTest@76a2ddf3]" name="submitOrder" class="chaitanya.seleniumframeworkdesign.SubmitOrderTest"/>
      </group> <!-- purchase -->
    </groups>
    <test started-at="2022-12-01T18:41:07 IST" name="Error validations test" finished-at="2022-12-01T18:41:25 IST" duration-ms="18283">
      <class name="chaitanya.seleniumframeworkdesign.ErrorValidation">
        <test-method is-config="true" signature="launchApplication()[pri:0, instance:chaitanya.seleniumframeworkdesign.ErrorValidation@7803bfd]" started-at="2022-12-01T18:41:07 IST" name="launchApplication" finished-at="2022-12-01T18:41:16 IST" duration-ms="9881" status="PASS">
          <reporter-output>
          </reporter-output>
        </test-method> <!-- launchApplication -->
        <test-method signature="loginError()[pri:0, instance:chaitanya.seleniumframeworkdesign.ErrorValidation@7803bfd]" started-at="2022-12-01T18:41:16 IST" name="loginError" finished-at="2022-12-01T18:41:17 IST" duration-ms="310" status="PASS">
          <reporter-output>
          </reporter-output>
        </test-method> <!-- loginError -->
        <test-method is-config="true" signature="tearDown()[pri:0, instance:chaitanya.seleniumframeworkdesign.ErrorValidation@7803bfd]" started-at="2022-12-01T18:41:17 IST" name="tearDown" finished-at="2022-12-01T18:41:17 IST" duration-ms="68" status="PASS">
          <reporter-output>
          </reporter-output>
        </test-method> <!-- tearDown -->
        <test-method is-config="true" signature="launchApplication()[pri:0, instance:chaitanya.seleniumframeworkdesign.ErrorValidation@7803bfd]" started-at="2022-12-01T18:41:17 IST" name="launchApplication" finished-at="2022-12-01T18:41:22 IST" duration-ms="5199" status="PASS">
          <reporter-output>
          </reporter-output>
        </test-method> <!-- launchApplication -->
        <test-method signature="productError()[pri:0, instance:chaitanya.seleniumframeworkdesign.ErrorValidation@7803bfd]" started-at="2022-12-01T18:41:22 IST" name="productError" finished-at="2022-12-01T18:41:25 IST" duration-ms="2685" status="PASS">
          <reporter-output>
          </reporter-output>
        </test-method> <!-- productError -->
        <test-method is-config="true" signature="tearDown()[pri:0, instance:chaitanya.seleniumframeworkdesign.ErrorValidation@7803bfd]" started-at="2022-12-01T18:41:25 IST" name="tearDown" finished-at="2022-12-01T18:41:25 IST" duration-ms="66" status="PASS">
          <reporter-output>
          </reporter-output>
        </test-method> <!-- tearDown -->
      </class> <!-- chaitanya.seleniumframeworkdesign.ErrorValidation -->
    </test> <!-- Error validations test -->
    <test started-at="2022-12-01T18:41:07 IST" name="Submit order test" finished-at="2022-12-01T18:41:33 IST" duration-ms="26882">
      <class name="chaitanya.seleniumframeworkdesign.SubmitOrderTest">
        <test-method is-config="true" signature="launchApplication()[pri:0, instance:chaitanya.seleniumframeworkdesign.SubmitOrderTest@76a2ddf3]" started-at="2022-12-01T18:41:07 IST" name="launchApplication" finished-at="2022-12-01T18:41:16 IST" duration-ms="9541" status="PASS">
          <reporter-output>
          </reporter-output>
        </test-method> <!-- launchApplication -->
        <test-method signature="submitOrder(java.util.HashMap)[pri:0, instance:chaitanya.seleniumframeworkdesign.SubmitOrderTest@76a2ddf3]" started-at="2022-12-01T18:41:16 IST" name="submitOrder" data-provider="getData" finished-at="2022-12-01T18:41:20 IST" duration-ms="3449" status="PASS">
          <params>
            <param index="0">
              <value>
                <![CDATA[{password=Chaitanya@075, product=ZARA COAT 3, email=email@chaitanya.com}]]>
              </value>
            </param>
          </params>
          <reporter-output>
          </reporter-output>
        </test-method> <!-- submitOrder -->
        <test-method is-config="true" signature="tearDown()[pri:0, instance:chaitanya.seleniumframeworkdesign.SubmitOrderTest@76a2ddf3]" started-at="2022-12-01T18:41:20 IST" name="tearDown" finished-at="2022-12-01T18:41:20 IST" duration-ms="80" status="PASS">
          <reporter-output>
          </reporter-output>
        </test-method> <!-- tearDown -->
        <test-method is-config="true" signature="launchApplication()[pri:0, instance:chaitanya.seleniumframeworkdesign.SubmitOrderTest@76a2ddf3]" started-at="2022-12-01T18:41:20 IST" name="launchApplication" finished-at="2022-12-01T18:41:25 IST" duration-ms="4852" status="PASS">
          <reporter-output>
          </reporter-output>
        </test-method> <!-- launchApplication -->
        <test-method signature="submitOrder(java.util.HashMap)[pri:0, instance:chaitanya.seleniumframeworkdesign.SubmitOrderTest@76a2ddf3]" started-at="2022-12-01T18:41:25 IST" name="submitOrder" data-provider="getData" finished-at="2022-12-01T18:41:28 IST" duration-ms="3535" status="PASS">
          <params>
            <param index="0">
              <value>
                <![CDATA[{password=Chaitanya@075, product=ADIDAS ORIGINAL, email=email@chaitanya.org}]]>
              </value>
            </param>
          </params>
          <reporter-output>
          </reporter-output>
        </test-method> <!-- submitOrder -->
        <test-method is-config="true" signature="tearDown()[pri:0, instance:chaitanya.seleniumframeworkdesign.SubmitOrderTest@76a2ddf3]" started-at="2022-12-01T18:41:28 IST" name="tearDown" finished-at="2022-12-01T18:41:28 IST" duration-ms="69" status="PASS">
          <reporter-output>
          </reporter-output>
        </test-method> <!-- tearDown -->
        <test-method is-config="true" signature="launchApplication()[pri:0, instance:chaitanya.seleniumframeworkdesign.SubmitOrderTest@76a2ddf3]" started-at="2022-12-01T18:41:28 IST" name="launchApplication" finished-at="2022-12-01T18:41:33 IST" duration-ms="4382" status="PASS">
          <reporter-output>
          </reporter-output>
        </test-method> <!-- launchApplication -->
        <test-method signature="orderHistoryTest()[pri:0, instance:chaitanya.seleniumframeworkdesign.SubmitOrderTest@76a2ddf3]" started-at="2022-12-01T18:41:33 IST" name="orderHistoryTest" finished-at="2022-12-01T18:41:33 IST" depends-on-methods="chaitanya.seleniumframeworkdesign.SubmitOrderTest.submitOrder" duration-ms="493" status="PASS">
          <reporter-output>
          </reporter-output>
        </test-method> <!-- orderHistoryTest -->
        <test-method is-config="true" signature="tearDown()[pri:0, instance:chaitanya.seleniumframeworkdesign.SubmitOrderTest@76a2ddf3]" started-at="2022-12-01T18:41:33 IST" name="tearDown" finished-at="2022-12-01T18:41:33 IST" duration-ms="73" status="PASS">
          <reporter-output>
          </reporter-output>
        </test-method> <!-- tearDown -->
      </class> <!-- chaitanya.seleniumframeworkdesign.SubmitOrderTest -->
    </test> <!-- Submit order test -->
  </suite> <!-- Suite -->
</testng-results>
